<?xml version="1.0" encoding="UTF-8"?>
<!-- Generated by org.testng.reporters.JUnitReportReporter -->
<testsuite skipped="0" hostname="DESKTOP-D96Q9MV" name="GridTest.SauceLabs.LoginTest" tests="4" failures="0" timestamp="2021-01-14T13:13:06 GMT" time="62.436" errors="0">
  <testcase name="checkPageTitle" time="13.798" classname="GridTest.SauceLabs.LoginTest"/>
  <system-out/>
  <testcase name="checkPageTitle" time="9.733" classname="GridTest.SauceLabs.LoginTest"/>
  <system-out/>
  <testcase name="checkLoggedUser" time="17.054" classname="GridTest.SauceLabs.LoginTest"/>
  <system-out/>
  <testcase name="checkLoggedUser" time="21.851" classname="GridTest.SauceLabs.LoginTest"/>
  <system-out/>
</testsuite> <!-- GridTest.SauceLabs.LoginTest -->
