<?xml version="1.0" encoding="UTF-8"?>
<!-- Generated by org.testng.reporters.JUnitReportReporter -->
<testsuite skipped="0" hostname="DESKTOP-D96Q9MV" name="GridTest.SauceLabs.LoginTest" tests="4" failures="0" timestamp="2021-01-14T13:37:08 GMT" time="63.185" errors="0">
  <testcase name="checkPageTitle" time="25.716" classname="GridTest.SauceLabs.LoginTest"/>
  <system-out/>
  <testcase name="checkPageTitle" time="8.912" classname="GridTest.SauceLabs.LoginTest"/>
  <system-out/>
  <testcase name="checkLoggedUser" time="15.767" classname="GridTest.SauceLabs.LoginTest"/>
  <system-out/>
  <testcase name="checkLoggedUser" time="12.790" classname="GridTest.SauceLabs.LoginTest"/>
  <system-out/>
</testsuite> <!-- GridTest.SauceLabs.LoginTest -->
